#
# There is insufficient memory for the Java Runtime Environment to continue.
# Native memory allocation (malloc) failed to allocate 1048576 bytes. Error detail: AllocateHeap
# Possible reasons:
#   The system is out of physical RAM or swap space
#   This process is running with CompressedOops enabled, and the Java Heap may be blocking the growth of the native heap
# Possible solutions:
#   Reduce memory load on the system
#   Increase physical memory or swap space
#   Check if swap backing store is full
#   Decrease Java heap size (-Xmx/-Xms)
#   Decrease number of Java threads
#   Decrease Java thread stack sizes (-Xss)
#   Set larger code cache with -XX:ReservedCodeCacheSize=
#   JVM is running with Unscaled Compressed Oops mode in which the Java heap is
#     placed in the first 4GB address space. The Java Heap base address is the
#     maximum limit for the native heap growth. Please use -XX:HeapBaseMinAddress
#     to set the Java Heap base and to place the Java Heap above 4GB virtual address.
# This output file may be truncated or incomplete.
#
#  Out of Memory Error (allocation.cpp:44), pid=1904, tid=2736
#
# JRE version:  (21.0.8+9) (build )
# Java VM: OpenJDK 64-Bit Server VM (21.0.8+9-LTS, mixed mode, sharing, tiered, compressed oops, compressed class ptrs, parallel gc, windows-amd64)
# No core dump will be written. Minidumps are not enabled by default on client versions of Windows
#

---------------  S U M M A R Y ------------

Command Line: --add-modules=ALL-SYSTEM --add-opens=java.base/java.util=ALL-UNNAMED --add-opens=java.base/java.lang=ALL-UNNAMED --add-opens=java.base/sun.nio.fs=ALL-UNNAMED -Declipse.application=org.eclipse.jdt.ls.core.id1 -Dosgi.bundles.defaultStartLevel=4 -Declipse.product=org.eclipse.jdt.ls.core.product -Djava.import.generatesMetadataFilesAtProjectRoot=false -DDetectVMInstallationsJob.disabled=true -Dfile.encoding=utf8 -XX:+UseParallelGC -XX:GCTimeRatio=4 -XX:AdaptiveSizePolicyWeight=90 -Dsun.zip.disableMemoryMapping=true -Xmx2G -Xms100m -Xlog:disable -javaagent:c:\Users\SEEMG\.vscode\extensions\redhat.java-1.45.0-win32-x64\lombok\lombok-1.18.39-4050.jar -XX:+HeapDumpOnOutOfMemoryError -XX:HeapDumpPath=c:\Users\SEEMG\AppData\Roaming\Code\User\workspaceStorage\bd7ca2f097d6e43b36c1ad17f3614fca\redhat.java -Daether.dependencyCollector.impl=bf c:\Users\SEEMG\.vscode\extensions\redhat.java-1.45.0-win32-x64\server\plugins\org.eclipse.equinox.launcher_1.7.0.v20250519-0528.jar -configuration c:\Users\SEEMG\AppData\Roaming\Code\User\globalStorage\redhat.java\1.45.0\config_win -data c:\Users\SEEMG\AppData\Roaming\Code\User\workspaceStorage\bd7ca2f097d6e43b36c1ad17f3614fca\redhat.java\jdt_ws --pipe=\\.\pipe\lsp-cc04b822ff026d77b8365f28ef4d64d2-sock

Host: Intel(R) Core(TM) i3-10100T CPU @ 3.00GHz, 8 cores, 7G,  Windows 11 , 64 bit Build 26100 (10.0.26100.5074)
Time: Tue Sep 30 11:28:20 2025 Hora oficial do Brasil elapsed time: 3.084204 seconds (0d 0h 0m 3s)

---------------  T H R E A D  ---------------

Current thread (0x00000273164fa670):  JavaThread "Unknown thread" [_thread_in_vm, id=2736, stack(0x0000009672e00000,0x0000009672f00000) (1024K)]

Stack: [0x0000009672e00000,0x0000009672f00000]
Native frames: (J=compiled Java code, j=interpreted, Vv=VM code, C=native code)
V  [jvm.dll+0x6d2449]
V  [jvm.dll+0x8ae341]
V  [jvm.dll+0x8b08be]
V  [jvm.dll+0x8b0fa3]
V  [jvm.dll+0x280c96]
V  [jvm.dll+0xc0347]
V  [jvm.dll+0x70fa0d]
V  [jvm.dll+0x7100cc]
V  [jvm.dll+0x6e0f48]
V  [jvm.dll+0x877c7c]
V  [jvm.dll+0x3becec]
V  [jvm.dll+0x8606d8]
V  [jvm.dll+0x4530ee]
V  [jvm.dll+0x454d31]
C  [jli.dll+0x5278]
C  [ucrtbase.dll+0x37b0]
C  [KERNEL32.DLL+0x2e8d7]
C  [ntdll.dll+0x8d9c]


---------------  P R O C E S S  ---------------

Threads class SMR info:
_java_thread_list=0x0000027318a74ca0, length=1, elements={
0x00000273164fa670
}

Java Threads: ( => current thread )
=>0x00000273164fa670 JavaThread "Unknown thread"             [_thread_in_vm, id=2736, stack(0x0000009672e00000,0x0000009672f00000) (1024K)]
Total: 1

Other Threads:
  0x00000273188dca00 WatcherThread "VM Periodic Task Thread"        [id=17968, stack(0x0000009673000000,0x0000009673100000) (1024K)]
  0x0000027318a6b810 WorkerThread "GC Thread#0"                     [id=11104, stack(0x0000009672f00000,0x0000009673000000) (1024K)]
Total: 2

Threads with active compile tasks:
Total: 0

VM state: not at safepoint (normal execution)

VM Mutex/Monitor currently owned by a thread: None

Heap address: 0x0000000080000000, size: 2048 MB, Compressed Oops mode: 32-bit

CDS archive(s) mapped at: [0x0000027330000000-0x0000027330ba0000-0x0000027330ba0000), size 12189696, SharedBaseAddress: 0x0000027330000000, ArchiveRelocationMode: 1.
Compressed class space mapped at: 0x0000027331000000-0x0000027371000000, reserved size: 1073741824
Narrow klass base: 0x0000027330000000, Narrow klass shift: 0, Narrow klass range: 0x100000000

GC Precious Log:
 CardTable entry size: 512
 CPUs: 8 total, 8 available
 Memory: 7576M
 Large Page Support: Disabled
 NUMA Support: Disabled
 Compressed Oops: Enabled (32-bit)
 Alignments: Space 512K, Generation 512K, Heap 2M
 Heap Min Capacity: 100M
 Heap Initial Capacity: 100M
 Heap Max Capacity: 2G
 Pre-touch: Disabled
 Parallel Workers: 8

Heap:
 PSYoungGen      total 29696K, used 512K [0x00000000d5580000, 0x00000000d7680000, 0x0000000100000000)
  eden space 25600K, 2% used [0x00000000d5580000,0x00000000d5600020,0x00000000d6e80000)
  from space 4096K, 0% used [0x00000000d7280000,0x00000000d7280000,0x00000000d7680000)
  to   space 4096K, 0% used [0x00000000d6e80000,0x00000000d6e80000,0x00000000d7280000)
 ParOldGen       total 68608K, used 0K [0x0000000080000000, 0x0000000084300000, 0x00000000d5580000)
  object space 68608K, 0% used [0x0000000080000000,0x0000000080000000,0x0000000084300000)
 Metaspace       used 0K, committed 0K, reserved 1048576K
  class space    used 0K, committed 0K, reserved 1048576K

Card table byte_map: [0x00000273183f0000,0x0000027318800000] _byte_map_base: 0x0000027317ff0000

Marking Bits: (ParMarkBitMap*) 0x00007ffe13e1a340
 Begin Bits: [0x000002732aef0000, 0x000002732cef0000)
 End Bits:   [0x000002732cef0000, 0x000002732eef0000)

Polling page: 0x00000273167e0000

Metaspace:

Usage:
  Non-class:      0 bytes used.
      Class:      0 bytes used.
       Both:      0 bytes used.

Virtual space:
  Non-class space:        0 bytes reserved,       0 bytes (  ?%) committed,  0 nodes.
      Class space:        1.00 GB reserved,       0 bytes (  0%) committed,  1 nodes.
             Both:        1.00 GB reserved,       0 bytes (  0%) committed. 

Chunk freelists:
   Non-Class:  0 bytes
       Class:  16.00 MB
        Both:  16.00 MB

MaxMetaspaceSize: unlimited
CompressedClassSpaceSize: 1.00 GB
Initial GC threshold: 21.00 MB
Current GC threshold: 17179869184.00 GB
CDS: on
 - commit_granule_bytes: 65536.
 - commit_granule_words: 8192.
 - virtual_space_node_default_size: 8388608.
 - enlarge_chunks_in_place: 1.
 - use_allocation_guard: 0.


Internal statistics:

num_allocs_failed_limit: 0.
num_arena_births: 0.
num_arena_deaths: 0.
num_vsnodes_births: 1.
num_vsnodes_deaths: 0.
num_space_committed: 0.
num_space_uncommitted: 0.
num_chunks_returned_to_freelist: 0.
num_chunks_taken_from_freelist: 1.
num_chunk_merges: 0.
num_chunk_splits: 1.
num_chunks_enlarged: 0.
num_inconsistent_stats: 0.

CodeHeap 'non-profiled nmethods': size=120000Kb used=0Kb max_used=0Kb free=120000Kb
 bounds [0x0000027323710000, 0x0000027323980000, 0x000002732ac40000]
CodeHeap 'profiled nmethods': size=120000Kb used=0Kb max_used=0Kb free=120000Kb
 bounds [0x000002731bc40000, 0x000002731beb0000, 0x0000027323170000]
CodeHeap 'non-nmethods': size=5760Kb used=194Kb max_used=342Kb free=5565Kb
 bounds [0x0000027323170000, 0x00000273233e0000, 0x0000027323710000]
CodeCache: size=245760Kb, used=194Kb, max_used=342Kb, free=245565Kb
 total_blobs=70, nmethods=0, adapters=48, full_count=0
Compilation: enabled, stopped_count=0, restarted_count=0

Compilation events (0 events):
No events

GC Heap History (0 events):
No events

Dll operation events (1 events):
Event: 0.022 Loaded shared library c:\Users\SEEMG\.vscode\extensions\redhat.java-1.45.0-win32-x64\jre\21.0.8-win32-x86_64\bin\java.dll

Deoptimization events (0 events):
No events

Classes loaded (0 events):
No events

Classes unloaded (0 events):
No events

Classes redefined (0 events):
No events

Internal exceptions (0 events):
No events

ZGC Phase Switch (0 events):
No events

VM Operations (0 events):
No events

Memory protections (0 events):
No events

Nmethod flushes (0 events):
No events

Events (1 events):
Event: 2.075 Thread 0x00000273164fa670 Thread added: 0x00000273164fa670


Dynamic libraries:
0x00007ff6980a0000 - 0x00007ff6980ae000 	c:\Users\SEEMG\.vscode\extensions\redhat.java-1.45.0-win32-x64\jre\21.0.8-win32-x86_64\bin\java.exe
0x00007ffe83e20000 - 0x00007ffe84089000 	C:\WINDOWS\SYSTEM32\ntdll.dll
0x00007ffe82a30000 - 0x00007ffe82af9000 	C:\WINDOWS\System32\KERNEL32.DLL
0x00007ffe810e0000 - 0x00007ffe814d3000 	C:\WINDOWS\System32\KERNELBASE.dll
0x00007ffe81730000 - 0x00007ffe8187b000 	C:\WINDOWS\System32\ucrtbase.dll
0x00007ffe6acc0000 - 0x00007ffe6acd8000 	c:\Users\SEEMG\.vscode\extensions\redhat.java-1.45.0-win32-x64\jre\21.0.8-win32-x86_64\bin\jli.dll
0x00007ffe6ced0000 - 0x00007ffe6ceee000 	c:\Users\SEEMG\.vscode\extensions\redhat.java-1.45.0-win32-x64\jre\21.0.8-win32-x86_64\bin\VCRUNTIME140.dll
0x00007ffe81d70000 - 0x00007ffe81f34000 	C:\WINDOWS\System32\USER32.dll
0x00007ffe5d4b0000 - 0x00007ffe5d743000 	C:\WINDOWS\WinSxS\amd64_microsoft.windows.common-controls_6595b64144ccf1df_6.0.26100.5074_none_3e0d6f78e32fd63f\COMCTL32.dll
0x00007ffe814e0000 - 0x00007ffe81507000 	C:\WINDOWS\System32\win32u.dll
0x00007ffe81bf0000 - 0x00007ffe81c99000 	C:\WINDOWS\System32\msvcrt.dll
0x00007ffe82d00000 - 0x00007ffe82d2b000 	C:\WINDOWS\System32\GDI32.dll
0x00007ffe81ac0000 - 0x00007ffe81bed000 	C:\WINDOWS\System32\gdi32full.dll
0x00007ffe81680000 - 0x00007ffe81723000 	C:\WINDOWS\System32\msvcp_win.dll
0x00007ffe83740000 - 0x00007ffe8376f000 	C:\WINDOWS\System32\IMM32.DLL
0x00007ffe6cac0000 - 0x00007ffe6cacc000 	c:\Users\SEEMG\.vscode\extensions\redhat.java-1.45.0-win32-x64\jre\21.0.8-win32-x86_64\bin\vcruntime140_1.dll
0x00007ffe5a7b0000 - 0x00007ffe5a83d000 	c:\Users\SEEMG\.vscode\extensions\redhat.java-1.45.0-win32-x64\jre\21.0.8-win32-x86_64\bin\msvcp140.dll
0x00007ffe13160000 - 0x00007ffe13ef7000 	c:\Users\SEEMG\.vscode\extensions\redhat.java-1.45.0-win32-x64\jre\21.0.8-win32-x86_64\bin\server\jvm.dll
0x00007ffe81ca0000 - 0x00007ffe81d54000 	C:\WINDOWS\System32\ADVAPI32.dll
0x00007ffe83d20000 - 0x00007ffe83dc6000 	C:\WINDOWS\System32\sechost.dll
0x00007ffe83140000 - 0x00007ffe83258000 	C:\WINDOWS\System32\RPCRT4.dll
0x00007ffe829a0000 - 0x00007ffe82a14000 	C:\WINDOWS\System32\WS2_32.dll
0x00007ffe80e10000 - 0x00007ffe80e6e000 	C:\WINDOWS\SYSTEM32\POWRPROF.dll
0x00007ffe760b0000 - 0x00007ffe760bb000 	C:\WINDOWS\SYSTEM32\VERSION.dll
0x00007ffe73f30000 - 0x00007ffe73f65000 	C:\WINDOWS\SYSTEM32\WINMM.dll
0x00007ffe80df0000 - 0x00007ffe80e04000 	C:\WINDOWS\SYSTEM32\UMPDC.dll
0x00007ffe7fd50000 - 0x00007ffe7fd6b000 	C:\WINDOWS\SYSTEM32\kernel.appcore.dll
0x00007ffe6ada0000 - 0x00007ffe6adaa000 	c:\Users\SEEMG\.vscode\extensions\redhat.java-1.45.0-win32-x64\jre\21.0.8-win32-x86_64\bin\jimage.dll
0x00007ffe71c90000 - 0x00007ffe71ed2000 	C:\WINDOWS\SYSTEM32\DBGHELP.DLL
0x00007ffe83780000 - 0x00007ffe83afb000 	C:\WINDOWS\System32\combase.dll
0x00007ffe826e0000 - 0x00007ffe827b7000 	C:\WINDOWS\System32\OLEAUT32.dll
0x00007ffe6ff10000 - 0x00007ffe6ff4d000 	C:\WINDOWS\SYSTEM32\dbgcore.DLL
0x00007ffe80fb0000 - 0x00007ffe81049000 	C:\WINDOWS\System32\bcryptPrimitives.dll
0x00007ffe6ade0000 - 0x00007ffe6adef000 	c:\Users\SEEMG\.vscode\extensions\redhat.java-1.45.0-win32-x64\jre\21.0.8-win32-x86_64\bin\instrument.dll
0x00007ffe6a5b0000 - 0x00007ffe6a5cf000 	c:\Users\SEEMG\.vscode\extensions\redhat.java-1.45.0-win32-x64\jre\21.0.8-win32-x86_64\bin\java.dll

JVMTI agents:
c:\Users\SEEMG\.vscode\extensions\redhat.java-1.45.0-win32-x64\lombok\lombok-1.18.39-4050.jar path:none, loaded, not initialized, instrumentlib options:none

dbghelp: loaded successfully - version: 4.0.5 - missing functions: none
symbol engine: initialized successfully - sym options: 0x614 - pdb path: .;c:\Users\SEEMG\.vscode\extensions\redhat.java-1.45.0-win32-x64\jre\21.0.8-win32-x86_64\bin;C:\WINDOWS\SYSTEM32;C:\WINDOWS\WinSxS\amd64_microsoft.windows.common-controls_6595b64144ccf1df_6.0.26100.5074_none_3e0d6f78e32fd63f;c:\Users\SEEMG\.vscode\extensions\redhat.java-1.45.0-win32-x64\jre\21.0.8-win32-x86_64\bin\server

VM Arguments:
jvm_args: --add-modules=ALL-SYSTEM --add-opens=java.base/java.util=ALL-UNNAMED --add-opens=java.base/java.lang=ALL-UNNAMED --add-opens=java.base/sun.nio.fs=ALL-UNNAMED -Declipse.application=org.eclipse.jdt.ls.core.id1 -Dosgi.bundles.defaultStartLevel=4 -Declipse.product=org.eclipse.jdt.ls.core.product -Djava.import.generatesMetadataFilesAtProjectRoot=false -DDetectVMInstallationsJob.disabled=true -Dfile.encoding=utf8 -XX:+UseParallelGC -XX:GCTimeRatio=4 -XX:AdaptiveSizePolicyWeight=90 -Dsun.zip.disableMemoryMapping=true -Xmx2G -Xms100m -Xlog:disable -javaagent:c:\Users\SEEMG\.vscode\extensions\redhat.java-1.45.0-win32-x64\lombok\lombok-1.18.39-4050.jar -XX:+HeapDumpOnOutOfMemoryError -XX:HeapDumpPath=c:\Users\SEEMG\AppData\Roaming\Code\User\workspaceStorage\bd7ca2f097d6e43b36c1ad17f3614fca\redhat.java -Daether.dependencyCollector.impl=bf 
java_command: c:\Users\SEEMG\.vscode\extensions\redhat.java-1.45.0-win32-x64\server\plugins\org.eclipse.equinox.launcher_1.7.0.v20250519-0528.jar -configuration c:\Users\SEEMG\AppData\Roaming\Code\User\globalStorage\redhat.java\1.45.0\config_win -data c:\Users\SEEMG\AppData\Roaming\Code\User\workspaceStorage\bd7ca2f097d6e43b36c1ad17f3614fca\redhat.java\jdt_ws --pipe=\\.\pipe\lsp-cc04b822ff026d77b8365f28ef4d64d2-sock
java_class_path (initial): c:\Users\SEEMG\.vscode\extensions\redhat.java-1.45.0-win32-x64\server\plugins\org.eclipse.equinox.launcher_1.7.0.v20250519-0528.jar
Launcher Type: SUN_STANDARD

[Global flags]
    uintx AdaptiveSizePolicyWeight                 = 90                                        {product} {command line}
     intx CICompilerCount                          = 4                                         {product} {ergonomic}
    uintx GCTimeRatio                              = 4                                         {product} {command line}
     bool HeapDumpOnOutOfMemoryError               = true                                   {manageable} {command line}
    ccstr HeapDumpPath                             = c:\Users\SEEMG\AppData\Roaming\Code\User\workspaceStorage\bd7ca2f097d6e43b36c1ad17f3614fca\redhat.java         {manageable} {command line}
   size_t InitialHeapSize                          = 104857600                                 {product} {command line}
   size_t MaxHeapSize                              = 2147483648                                {product} {command line}
   size_t MaxNewSize                               = 715653120                                 {product} {ergonomic}
   size_t MinHeapDeltaBytes                        = 524288                                    {product} {ergonomic}
   size_t MinHeapSize                              = 104857600                                 {product} {command line}
   size_t NewSize                                  = 34603008                                  {product} {ergonomic}
    uintx NonNMethodCodeHeapSize                   = 5839372                                {pd product} {ergonomic}
    uintx NonProfiledCodeHeapSize                  = 122909434                              {pd product} {ergonomic}
   size_t OldSize                                  = 70254592                                  {product} {ergonomic}
    uintx ProfiledCodeHeapSize                     = 122909434                              {pd product} {ergonomic}
    uintx ReservedCodeCacheSize                    = 251658240                              {pd product} {ergonomic}
     bool SegmentedCodeCache                       = true                                      {product} {ergonomic}
   size_t SoftMaxHeapSize                          = 2147483648                             {manageable} {ergonomic}
     bool UseCompressedOops                        = true                           {product lp64_product} {ergonomic}
     bool UseLargePagesIndividualAllocation        = false                                  {pd product} {ergonomic}
     bool UseParallelGC                            = true                                      {product} {command line}

Logging:
Log output configuration:
 #0: stdout all=off uptime,level,tags foldmultilines=false
 #1: stderr all=off uptime,level,tags foldmultilines=false

Environment Variables:
PATH=C:\Python313\Scripts\;C:\Python313\;C:\Program Files (x86)\Common Files\Oracle\Java\javapath;C:\WINDOWS\system32;C:\WINDOWS;C:\WINDOWS\System32\Wbem;C:\WINDOWS\System32\WindowsPowerShell\v1.0\;C:\WINDOWS\System32\OpenSSH\;C:\Program Files\Git\cmd;C:\Program Files\nodejs\;C:\ProgramData\chocolatey\bin;C:\Users\SEEMG\AppData\Local\Programs\Python\Python312\Scripts\;C:\Users\SEEMG\AppData\Local\Programs\Python\Python312\;C:\Users\SEEMG\AppData\Local\Programs\Python\Launcher\;C:\Users\SEEMG\AppData\Local\Microsoft\WindowsApps;C:\Users\SEEMG\AppData\Local\Programs\Microsoft VS Code\bin;C:\Users\SEEMG\AppData\Local\GitHubDesktop\bin;C:\Users\SEEMG\AppData\Roaming\npm
USERNAME=SEEMG
OS=Windows_NT
PROCESSOR_IDENTIFIER=Intel64 Family 6 Model 165 Stepping 3, GenuineIntel
TMP=C:\Users\SEEMG\AppData\Local\Temp
TEMP=C:\Users\SEEMG\AppData\Local\Temp




Periodic native trim disabled

---------------  S Y S T E M  ---------------

OS:
 Windows 11 , 64 bit Build 26100 (10.0.26100.5074)
OS uptime: 13 days 11:47 hours
Hyper-V role detected

CPU: total 8 (initial active 8) (4 cores per cpu, 2 threads per core) family 6 model 165 stepping 3 microcode 0xe0, cx8, cmov, fxsr, ht, mmx, 3dnowpref, sse, sse2, sse3, ssse3, sse4.1, sse4.2, popcnt, lzcnt, tsc, tscinvbit, avx, avx2, aes, erms, clmul, bmi1, bmi2, adx, fma, vzeroupper, clflush, clflushopt, hv, rdtscp, f16c
Processor Information for the first 8 processors :
  Max Mhz: 2901, Current Mhz: 2901, Mhz Limit: 2901

Memory: 4k page, system-wide physical 7576M (662M free)
TotalPageFile size 23667M (AvailPageFile size 17M)
current process WorkingSet (physical memory assigned to process): 26M, peak: 26M
current process commit charge ("private bytes"): 212M, peak: 213M

vm_info: OpenJDK 64-Bit Server VM (21.0.8+9-LTS) for windows-amd64 JRE (21.0.8+9-LTS), built on 2025-07-15T00:00:00Z by "admin" with MS VC++ 17.7 (VS2022)

END.
